
  .   ____          _            __ _ _
 /\\ / ___'_ __ _ _(_)_ __  __ _ \ \ \ \
( ( )\___ | '_ | '_| | '_ \/ _` | \ \ \ \
 \\/  ___)| |_)| | | | | || (_| |  ) ) ) )
  '  |____| .__|_| |_|_| |_\__, | / / / /
 =========|_|==============|___/=/_/_/_/
 :: Spring Boot ::               (v2.7.14)

2023-08-03 18:19:17.766  INFO 36631 --- [           main] o.s.schoolapp.SchoolAppApplication       : Starting SchoolAppApplication v0.0.1-SNAPSHOT using Java 11.0.19 on srikanths-MacBook-Pro.local with PID 36631 (/Users/srikanth/IdeaProjects/school-app-poc/school-app/target/school-app-0.0.1-SNAPSHOT.jar started by srikanth in /Users/srikanth/IdeaProjects/school-app-poc/school-app)
2023-08-03 18:19:17.768  INFO 36631 --- [           main] o.s.schoolapp.SchoolAppApplication       : No active profile set, falling back to 1 default profile: "default"
2023-08-03 18:19:18.150  INFO 36631 --- [           main] o.s.b.w.embedded.tomcat.TomcatWebServer  : Tomcat initialized with port(s): 9091 (http)
2023-08-03 18:19:18.155  INFO 36631 --- [           main] o.apache.catalina.core.StandardService   : Starting service [Tomcat]
2023-08-03 18:19:18.155  INFO 36631 --- [           main] org.apache.catalina.core.StandardEngine  : Starting Servlet engine: [Apache Tomcat/9.0.78]
2023-08-03 18:19:18.190  INFO 36631 --- [           main] o.a.c.c.C.[Tomcat].[localhost].[/]       : Initializing Spring embedded WebApplicationContext
2023-08-03 18:19:18.190  INFO 36631 --- [           main] w.s.c.ServletWebServerApplicationContext : Root WebApplicationContext: initialization completed in 396 ms
2023-08-03 18:19:18.340  INFO 36631 --- [           main] o.s.b.w.embedded.tomcat.TomcatWebServer  : Tomcat started on port(s): 9091 (http) with context path ''
2023-08-03 18:19:18.345  INFO 36631 --- [           main] o.s.schoolapp.SchoolAppApplication       : Started SchoolAppApplication in 5.805 seconds (JVM running for 5.998)
2023-08-03 18:19:27.321  INFO 36631 --- [nio-9091-exec-1] o.a.c.c.C.[Tomcat].[localhost].[/]       : Initializing Spring DispatcherServlet 'dispatcherServlet'
2023-08-03 18:19:27.322  INFO 36631 --- [nio-9091-exec-1] o.s.web.servlet.DispatcherServlet        : Initializing Servlet 'dispatcherServlet'
2023-08-03 18:19:27.322  INFO 36631 --- [nio-9091-exec-1] o.s.web.servlet.DispatcherServlet        : Completed initialization in 0 ms
2023-08-03 18:19:27.339  INFO 36631 --- [nio-9091-exec-1] o.s.schoolapp.user.UserController        : Students [Student(name=student1, username=student1, age=31, standard=V, section=B, photo=http://test-image-s3-bucket.com/student1/student1.jpeg), Student(name=student2, username=student2, age=32, standard=V, section=B, photo=http://test-image-s3-bucket.com/student2/student2.jpeg), Student(name=student3, username=student3, age=33, standard=V, section=B, photo=http://test-image-s3-bucket.com/student3/student3.jpeg), Student(name=student4, username=student4, age=34, standard=V, section=B, photo=http://test-image-s3-bucket.com/student4/student4.jpeg), Student(name=student5, username=student5, age=35, standard=V, section=B, photo=http://test-image-s3-bucket.com/student5/student5.jpeg)]
2023-08-03 18:19:28.305  INFO 36631 --- [nio-9091-exec-3] o.s.schoolapp.user.UserController        : Students [Student(name=student1, username=student1, age=31, standard=V, section=B, photo=http://test-image-s3-bucket.com/student1/student1.jpeg), Student(name=student2, username=student2, age=32, standard=V, section=B, photo=http://test-image-s3-bucket.com/student2/student2.jpeg), Student(name=student3, username=student3, age=33, standard=V, section=B, photo=http://test-image-s3-bucket.com/student3/student3.jpeg), Student(name=student4, username=student4, age=34, standard=V, section=B, photo=http://test-image-s3-bucket.com/student4/student4.jpeg), Student(name=student5, username=student5, age=35, standard=V, section=B, photo=http://test-image-s3-bucket.com/student5/student5.jpeg)]
2023-08-03 18:27:02.523  INFO 36631 --- [nio-9091-exec-6] o.s.schoolapp.user.UserController        : Students [Student(name=student1, username=student1, age=31, standard=V, section=B, photo=http://test-image-s3-bucket.com/student1/student1.jpeg), Student(name=student2, username=student2, age=32, standard=V, section=B, photo=http://test-image-s3-bucket.com/student2/student2.jpeg), Student(name=student3, username=student3, age=33, standard=V, section=B, photo=http://test-image-s3-bucket.com/student3/student3.jpeg), Student(name=student4, username=student4, age=34, standard=V, section=B, photo=http://test-image-s3-bucket.com/student4/student4.jpeg), Student(name=student5, username=student5, age=35, standard=V, section=B, photo=http://test-image-s3-bucket.com/student5/student5.jpeg)]
Exception in thread "http-nio-9091-exec-9" java.lang.NoClassDefFoundError: ch/qos/logback/classic/spi/ThrowableProxy
	at ch.qos.logback.classic.spi.LoggingEvent.<init>(LoggingEvent.java:119)
	at ch.qos.logback.classic.Logger.buildLoggingEventAndAppend(Logger.java:419)
	at ch.qos.logback.classic.Logger.filterAndLog_0_Or3Plus(Logger.java:383)
	at ch.qos.logback.classic.Logger.log(Logger.java:765)
	at org.slf4j.bridge.SLF4JBridgeHandler.callLocationAwareLogger(SLF4JBridgeHandler.java:221)
	at org.slf4j.bridge.SLF4JBridgeHandler.publish(SLF4JBridgeHandler.java:303)
	at java.logging/java.util.logging.Logger.log(Logger.java:979)
	at java.logging/java.util.logging.Logger.doLog(Logger.java:1006)
	at java.logging/java.util.logging.Logger.logp(Logger.java:1283)
	at org.apache.juli.logging.DirectJDKLog.log(DirectJDKLog.java:175)
	at org.apache.juli.logging.DirectJDKLog.error(DirectJDKLog.java:141)
	at org.apache.tomcat.util.net.NioEndpoint$SocketProcessor.doRun(NioEndpoint.java:1809)
	at org.apache.tomcat.util.net.SocketProcessorBase.run(SocketProcessorBase.java:52)
	at org.apache.tomcat.util.threads.ThreadPoolExecutor.runWorker(ThreadPoolExecutor.java:1191)
	at org.apache.tomcat.util.threads.ThreadPoolExecutor$Worker.run(ThreadPoolExecutor.java:659)
	at org.apache.tomcat.util.threads.TaskThread$WrappingRunnable.run(TaskThread.java:61)
	at java.base/java.lang.Thread.run(Thread.java:829)
Exception in thread "SpringApplicationShutdownHook" java.lang.NoClassDefFoundError: ch/qos/logback/classic/spi/ThrowableProxy
	at ch.qos.logback.classic.spi.LoggingEvent.<init>(LoggingEvent.java:119)
	at ch.qos.logback.classic.Logger.buildLoggingEventAndAppend(Logger.java:419)
	at ch.qos.logback.classic.Logger.filterAndLog_0_Or3Plus(Logger.java:383)
	at ch.qos.logback.classic.Logger.log(Logger.java:765)
	at org.apache.commons.logging.LogAdapter$Slf4jLocationAwareLog.warn(LogAdapter.java:447)
	at org.springframework.context.support.AbstractApplicationContext.doClose(AbstractApplicationContext.java:1073)
	at org.springframework.boot.web.servlet.context.ServletWebServerApplicationContext.doClose(ServletWebServerApplicationContext.java:174)
	at org.springframework.context.support.AbstractApplicationContext.close(AbstractApplicationContext.java:1024)
	at org.springframework.boot.SpringApplicationShutdownHook.closeAndWait(SpringApplicationShutdownHook.java:145)
	at java.base/java.lang.Iterable.forEach(Iterable.java:75)
	at org.springframework.boot.SpringApplicationShutdownHook.run(SpringApplicationShutdownHook.java:114)
	at java.base/java.lang.Thread.run(Thread.java:829)
